<?xml version="1.0" encoding="UTF-8"?>
<testng-results skipped="0" failed="0" ignored="0" total="4" passed="4">
  <reporter-output>
  </reporter-output>
  <suite name="Default suite" duration-ms="72" started-at="2019-03-30T22:10:31Z" finished-at="2019-03-30T22:10:31Z">
    <groups>
    </groups>
    <test name="Default test" duration-ms="72" started-at="2019-03-30T22:10:31Z" finished-at="2019-03-30T22:10:31Z">
      <class name="SeleniumAutomation.TestNgPriority">
        <test-method status="PASS" signature="method1()[pri:0, instance:SeleniumAutomation.TestNgPriority@68c4039c]" name="method1" duration-ms="17" started-at="2019-03-30T22:10:31Z" finished-at="2019-03-30T22:10:31Z">
          <reporter-output>
          </reporter-output>
        </test-method> <!-- method1 -->
        <test-method status="PASS" signature="method2()[pri:0, instance:SeleniumAutomation.TestNgPriority@68c4039c]" name="method2" duration-ms="2" started-at="2019-03-30T22:10:31Z" finished-at="2019-03-30T22:10:31Z">
          <reporter-output>
          </reporter-output>
        </test-method> <!-- method2 -->
        <test-method status="PASS" signature="M2()[pri:1, instance:SeleniumAutomation.TestNgPriority@68c4039c]" name="M2" duration-ms="2" started-at="2019-03-30T22:10:31Z" finished-at="2019-03-30T22:10:31Z">
          <reporter-output>
          </reporter-output>
        </test-method> <!-- M2 -->
        <test-method status="PASS" signature="M3()[pri:2, instance:SeleniumAutomation.TestNgPriority@68c4039c]" name="M3" duration-ms="3" started-at="2019-03-30T22:10:31Z" finished-at="2019-03-30T22:10:31Z">
          <reporter-output>
          </reporter-output>
        </test-method> <!-- M3 -->
      </class> <!-- SeleniumAutomation.TestNgPriority -->
    </test> <!-- Default test -->
  </suite> <!-- Default suite -->
</testng-results>
