<?xml version="1.0" encoding="UTF-8"?>
<!-- Generated by org.testng.reporters.JUnitXMLReporter -->
<testsuite hostname="USER" ignored="2" name="Test" tests="2" failures="0" timestamp="30 Mar 2019 21:49:26 GMT" time="0.047" errors="0">
  <testcase name="test1" time="0.016" classname="SeleniumAutomation.GroupsInTestNg"/>
  <testcase name="test2" time="0.0" classname="SeleniumAutomation.GroupsInTestNg"/>
  <testcase name="method1" time="0.0" classname="SeleniumAutomation.GroupsInTestNg">
    <ignored/>
  </testcase> <!-- method1 -->
  <testcase name="methods" time="0.0" classname="SeleniumAutomation.GroupsInTestNg">
    <ignored/>
  </testcase> <!-- methods -->
</testsuite> <!-- Test -->
